-*- mode: compilation; default-directory: "~/395/hw3/" -*-
Compilation started at Tue May  2 17:10:15

make tests
clang++ --std=c++1z -O0 -g -fprofile-instr-generate -fcoverage-mapping -D TEST -stdlib=libc++ -nostdinc++ -I/usr/local/Cellar/llvm/HEAD-fdcdb2a/include/c++/v1 -L/usr/local/Cellar/llvm/HEAD-fdcdb2a/lib -Wl,-rpath, /usr/local/Cellar/llvm/HEAD-fdcdb2a/lib test/rules_tests.cpp bin/test_main.o board.o game.o moves.o rule_checker.o turn.o splayer.o mplayer.o dumb_player.o interfaces.o -o test.bin
Undefined symbols for architecture x86_64:
  "Move::inspect(Rules_Checker&, Board)", referenced from:
      vtable for Move in moves.o
  "MoveHome::operator==(MoveHome const&)", referenced from:
      Catch::Internal::Evaluator<MoveHome, MoveHome, (Catch::Internal::Operator)0>::evaluate(MoveHome const&, MoveHome const&) in dumb_player.o
  "MoveMain::operator==(MoveMain const&)", referenced from:
      Catch::Internal::Evaluator<MoveMain, MoveMain, (Catch::Internal::Operator)0>::evaluate(MoveMain const&, MoveMain const&) in dumb_player.o
  "MoveMain::operator==(MoveMain const&) const", referenced from:
      MoveMain::operator==(std::__1::shared_ptr<IMove>) const in moves.o
ld: symbol(s) not found for architecture x86_64
clang-5.0: error: linker command failed with exit code 1 (use -v to see invocation)
make: *** [tests] Error 1

Compilation exited abnormally with code 2 at Tue May  2 17:10:18
